<?xml version="1.0" encoding="UTF-8"?>
<testsuite name="domain.manager.DataValidatorTest" tests="19" skipped="0" failures="0" errors="0" timestamp="2018-01-19T16:24:41" hostname="JUAN-SALAZAR" time="0.019">
  <properties/>
  <testcase name="validateTypeNotNullTest" classname="domain.manager.DataValidatorTest" time="0.001"/>
  <testcase name="validateCellTypeTest" classname="domain.manager.DataValidatorTest" time="0.001"/>
  <testcase name="validateVehicleCarTest" classname="domain.manager.DataValidatorTest" time="0.003"/>
  <testcase name="validatePlateLengthTest" classname="domain.manager.DataValidatorTest" time="0.001"/>
  <testcase name="isCargoPlateTest" classname="domain.manager.DataValidatorTest" time="0.001"/>
  <testcase name="validatePlateNotNullTest" classname="domain.manager.DataValidatorTest" time="0.0"/>
  <testcase name="getPlateTypeCarTest" classname="domain.manager.DataValidatorTest" time="0.0"/>
  <testcase name="validateCellStatusTest" classname="domain.manager.DataValidatorTest" time="0.0"/>
  <testcase name="validateMotorcycleCellCode" classname="domain.manager.DataValidatorTest" time="0.0"/>
  <testcase name="isRegularPlateTest" classname="domain.manager.DataValidatorTest" time="0.0"/>
  <testcase name="validateCcRealValueTest" classname="domain.manager.DataValidatorTest" time="0.0"/>
  <testcase name="isMotorcyclePlateTest" classname="domain.manager.DataValidatorTest" time="0.0"/>
  <testcase name="validateCcNotNullTest" classname="domain.manager.DataValidatorTest" time="0.001"/>
  <testcase name="validateCarCellCodeTest" classname="domain.manager.DataValidatorTest" time="0.001"/>
  <testcase name="validateParkingCellTest" classname="domain.manager.DataValidatorTest" time="0.0"/>
  <testcase name="isDiplomaticPlateTest" classname="domain.manager.DataValidatorTest" time="0.001"/>
  <testcase name="validateVehicleMotorcycleTest" classname="domain.manager.DataValidatorTest" time="0.002"/>
  <testcase name="getPlateTypeMotorcycleTest" classname="domain.manager.DataValidatorTest" time="0.0"/>
  <testcase name="validateCellCodeTest" classname="domain.manager.DataValidatorTest" time="0.0"/>
  <system-out><![CDATA[]]></system-out>
  <system-err><![CDATA[]]></system-err>
</testsuite>
